Sync Explicit (1): gtk-engine-murrine-0.98.2-4
resolving dependencies...
looking for conflicting packages...

Package (2)               New Version  Net Change  Download Size

extra/gtk2                2.24.33-5     36.47 MiB       5.71 MiB
extra/gtk-engine-murrine  0.98.2-4       0.30 MiB       0.09 MiB

Total Download Size:    5.80 MiB
Total Installed Size:  36.78 MiB

:: Proceed with installation? [Y/n] 
:: Retrieving packages...
 gtk2-2.24.33-5-x86_64 downloading...
 gtk-engine-murrine-0.98.2-4-x86_64 downloading...
checking keyring...
checking package integrity...
loading package files...
checking for file conflicts...
checking available disk space...
:: Processing package changes...
installing gtk2...
Optional dependencies for gtk2
    adwaita-icon-theme: Default icon theme [installed]
    gnome-themes-standard: Default widget theme
    python: gtk-builder-convert [installed]
installing gtk-engine-murrine...
:: Running post-transaction hooks...
(1/2) Arming ConditionNeedsUpdate...
(2/2) Probing GTK2 input method modules...
[33m[NOTE][m Cloning [36mGTK themes and Icons[m repository...
[32m[OK][m Extracted GTK Themes & Icons to ~/.icons & ~/.themes directories
