Sync Explicit (1): qt6-virtualkeyboard-6.10.0-1
resolving dependencies...
looking for conflicting packages...

Package (2)                New Version  Net Change  Download Size

extra/hunspell             1.7.2-2        1.40 MiB       0.45 MiB
extra/qt6-virtualkeyboard  6.10.0-1       6.03 MiB       2.44 MiB

Total Download Size:   2.89 MiB
Total Installed Size:  7.43 MiB

:: Proceed with installation? [Y/n] 
:: Retrieving packages...
 qt6-virtualkeyboard-6.10.0-1-x86_64 downloading...
 hunspell-1.7.2-2-x86_64 downloading...
checking keyring...
checking package integrity...
loading package files...
checking for file conflicts...
checking available disk space...
:: Processing package changes...
installing hunspell...
Optional dependencies for hunspell
    perl: for ispellaff2myspell [installed]
installing qt6-virtualkeyboard...
:: Running post-transaction hooks...
(1/1) Arming ConditionNeedsUpdate...
Sync Explicit (1): sddm-0.21.0-6
resolving dependencies...
looking for conflicting packages...

Package (4)                New Version  Net Change  Download Size

extra/xf86-input-libinput  1.5.0-1        0.10 MiB       0.04 MiB
extra/xorg-server          21.1.18-2      3.72 MiB       1.47 MiB
extra/xorg-xauth           1.1.4-1        0.05 MiB       0.02 MiB
extra/sddm                 0.21.0-6       5.27 MiB       3.54 MiB

Total Download Size:   5.08 MiB
Total Installed Size:  9.13 MiB

:: Proceed with installation? [Y/n] 
:: Retrieving packages...
 sddm-0.21.0-6-x86_64 downloading...
 xorg-server-21.1.18-2-x86_64 downloading...
 xf86-input-libinput-1.5.0-1-x86_64 downloading...
 xorg-xauth-1.1.4-1-x86_64 downloading...
checking keyring...
checking package integrity...
loading package files...
checking for file conflicts...
checking available disk space...
:: Processing package changes...
installing xf86-input-libinput...
installing xorg-server...
>>> xorg-server has now the ability to run without root rights with
    the help of systemd-logind. xserver will fail to run if not launched
    from the same virtual terminal as was used to log in.
    Without root rights, log files will be in ~/.local/share/xorg/ directory.

    Old behavior can be restored through Xorg.wrap config file.
    See Xorg.wrap man page (man xorg.wrap).
installing xorg-xauth...
installing sddm...
Optional dependencies for sddm
    qt5-declarative: for using Qt5 themes
:: Running post-transaction hooks...
(1/5) Creating system user accounts...
Creating group 'sddm' with GID 961.
Creating user 'sddm' (SDDM Greeter Account) with UID 961 and GID 961.
(2/5) Reloading system manager configuration...
(3/5) Creating temporary files...
(4/5) Arming ConditionNeedsUpdate...
(5/5) Reloading system bus configuration...
