AUR Explicit (1): ttf-victor-mono-1.5.6-1
:: [1m(1/1) Downloaded PKGBUILD: ttf-victor-mono[0m
  1 ttf-victor-mono                          (Build Files Exist)
==> Packages to cleanBuild?
==> [N]one [A]ll [Ab]ort [I]nstalled [No]tInstalled or (1 2 3, 1-3, ^4)
==> 
  1 ttf-victor-mono                          (Build Files Exist)
==> Diffs to show?
==> [N]one [A]ll [Ab]ort [I]nstalled [No]tInstalled or (1 2 3, 1-3, ^4)
==> 
==> Making package: ttf-victor-mono 1.5.6-1 (Sun Dec 21 16:08:12 2025)
==> Retrieving sources...
  -> Downloading ttf-victor-mono-1.5.6.zip...
  % Total    % Received % Xferd  Average Speed   Time    Time     Time  Current
                                 Dload  Upload   Total   Spent    Left  Speed
  0     0   0     0   0     0     0     0  --:--:-- --:--:-- --:--:--     0  0     0   0     0   0     0     0     0  --:--:-- --:--:-- --:--:--     0  0     0   0     0   0     0     0     0  --:--:--  0:00:01 --:--:--     0  0     0   0     0   0     0     0     0  --:--:--  0:00:02 --:--:--     0  0     0   0     0   0     0     0     0  --:--:--  0:00:03 --:--:--     0  0     0   0     0   0     0     0     0  --:--:--  0:00:03 --:--:--     0
  0     0   0     0   0     0     0     0  --:--:--  0:00:04 --:--:--     0  0     0   0     0   0     0     0     0  --:--:--  0:00:05 --:--:--     0  0     0   0     0   0     0     0     0  --:--:--  0:00:06 --:--:--     0100  4602k   0  4602k   0     0 634769     0  --:--:--  0:00:07 --:--:--  1524k100 23223k   0 23223k   0     0  2748k     0  --:--:--  0:00:08 --:--:--  5741k100 24626k   0 24626k   0     0  2910k     0  --:--:--  0:00:08 --:--:--  6068k
==> WARNING: Skipping verification of source file PGP signatures.
==> Validating source files with sha256sums...
    ttf-victor-mono-1.5.6.zip ... Passed
:: [1m(1/1) Parsing SRCINFO: ttf-victor-mono[0m
==> Making package: ttf-victor-mono 1.5.6-1 (Sun Dec 21 16:08:21 2025)
==> Checking runtime dependencies...
==> Checking buildtime dependencies...
==> Retrieving sources...
  -> Found ttf-victor-mono-1.5.6.zip
==> Validating source files with sha256sums...
    ttf-victor-mono-1.5.6.zip ... Passed
==> Removing existing $srcdir/ directory...
==> Extracting sources...
  -> Extracting ttf-victor-mono-1.5.6.zip with bsdtar
==> Starting prepare()...
==> Sources are ready.
==> Making package: ttf-victor-mono 1.5.6-1 (Sun Dec 21 16:08:21 2025)
==> Checking runtime dependencies...
==> Checking buildtime dependencies...
==> WARNING: Using existing $srcdir/ tree
==> Entering fakeroot environment...
==> Starting package()...
==> Tidying install...
  -> Removing libtool files...
  -> Purging unwanted files...
  -> Removing static library files...
  -> Stripping unneeded symbols from binaries and libraries...
  -> Compressing man and info pages...
==> Checking for packaging issues...
==> Creating package "ttf-victor-mono"...
  -> Generating .PKGINFO file...
  -> Generating .BUILDINFO file...
  -> Generating .MTREE file...
  -> Compressing package...
==> Leaving fakeroot environment.
==> Finished making: ttf-victor-mono 1.5.6-1 (Sun Dec 21 16:08:22 2025)
==> Cleaning up...
loading packages...
resolving dependencies...
looking for conflicting packages...

Package (1)      New Version  Net Change

ttf-victor-mono  1.5.6-1        4.43 MiB

Total Installed Size:  4.43 MiB

:: Proceed with installation? [Y/n] 
checking keyring...
checking package integrity...
loading package files...
checking for file conflicts...
checking available disk space...
:: Processing package changes...
installing ttf-victor-mono...
:: Running post-transaction hooks...
(1/2) Arming ConditionNeedsUpdate...
(2/2) Updating fontconfig cache...
