Sync Explicit (1): hyprland-0.51.1-6
resolving dependencies...
looking for conflicting packages...

Package (25)                New Version  Net Change  Download Size

extra/aquamarine            0.9.5-4        1.19 MiB       0.35 MiB
extra/hyprcursor            0.1.13-2       0.68 MiB       0.21 MiB
extra/hyprgraphics          0.2.0-2        0.20 MiB       0.08 MiB
extra/hyprland-qt-support   0.1.0-9        0.45 MiB       0.09 MiB
extra/hyprland-qtutils      0.1.5-4        0.45 MiB       0.12 MiB
extra/hyprlang              0.6.4-3        0.27 MiB       0.10 MiB
extra/hyprwayland-scanner   0.4.5-1        0.22 MiB       0.09 MiB
extra/libdecor              0.2.4-1        0.16 MiB       0.04 MiB
extra/libei                 1.5.0-1        0.39 MiB       0.10 MiB
extra/libfontenc            1.1.8-1        0.03 MiB       0.02 MiB
extra/libliftoff            0.5.0-1        0.04 MiB       0.02 MiB
extra/libxcvt               0.1.3-1        0.04 MiB       0.01 MiB
extra/libxfont2             2.0.7-1        0.23 MiB       0.11 MiB
extra/libzip                1.11.4-1       0.47 MiB       0.25 MiB
extra/pugixml               1.15-2         0.32 MiB       0.10 MiB
extra/seatd                 0.9.1-1        0.11 MiB       0.04 MiB
extra/tomlplusplus          3.4.0-1        0.85 MiB       0.17 MiB
extra/wayland-protocols     1.45-1         0.93 MiB       0.13 MiB
extra/xcb-util-errors       1.0.1-2        0.04 MiB       0.01 MiB
extra/xorg-fonts-encodings  1.1.0-1        0.61 MiB       0.56 MiB
extra/xorg-server-common    21.1.18-2      0.12 MiB       0.03 MiB
extra/xorg-setxkbmap        1.3.4-2        0.03 MiB       0.01 MiB
extra/xorg-xkbcomp          1.4.7-1        0.21 MiB       0.09 MiB
extra/xorg-xwayland         24.1.8-1       2.24 MiB       0.94 MiB
extra/hyprland              0.51.1-6      58.12 MiB      47.31 MiB

Total Download Size:   50.97 MiB
Total Installed Size:  68.42 MiB

:: Proceed with installation? [Y/n] 
:: Retrieving packages...
 hyprland-0.51.1-6-x86_64 downloading...
 xorg-xwayland-24.1.8-1-x86_64 downloading...
 xorg-fonts-encodings-1.1.0-1-any downloading...
 aquamarine-0.9.5-4-x86_64 downloading...
 libzip-1.11.4-1-x86_64 downloading...
 hyprcursor-0.1.13-2-x86_64 downloading...
 tomlplusplus-3.4.0-1-x86_64 downloading...
 wayland-protocols-1.45-1-any downloading...
 hyprland-qtutils-0.1.5-4-x86_64 downloading...
 libxfont2-2.0.7-1-x86_64 downloading...
 pugixml-1.15-2-x86_64 downloading...
 hyprlang-0.6.4-3-x86_64 downloading...
 libei-1.5.0-1-x86_64 downloading...
 hyprwayland-scanner-0.4.5-1-x86_64 downloading...
 xorg-xkbcomp-1.4.7-1-x86_64 downloading...
 hyprland-qt-support-0.1.0-9-x86_64 downloading...
 hyprgraphics-0.2.0-2-x86_64 downloading...
 libdecor-0.2.4-1-x86_64 downloading...
 seatd-0.9.1-1-x86_64 downloading...
 xorg-server-common-21.1.18-2-x86_64 downloading...
 libliftoff-0.5.0-1-x86_64 downloading...
 libfontenc-1.1.8-1-x86_64 downloading...
 xorg-setxkbmap-1.3.4-2-x86_64 downloading...
 xcb-util-errors-1.0.1-2-x86_64 downloading...
 libxcvt-0.1.3-1-x86_64 downloading...
checking keyring...
checking package integrity...
loading package files...
checking for file conflicts...
checking available disk space...
:: Processing package changes...
installing pugixml...
installing hyprwayland-scanner...
installing seatd...
installing wayland-protocols...
installing aquamarine...
installing hyprlang...
installing libzip...
installing tomlplusplus...
installing hyprcursor...
installing hyprgraphics...
installing hyprland-qt-support...
installing hyprland-qtutils...
installing libliftoff...
installing xcb-util-errors...
installing xorg-fonts-encodings...
installing libfontenc...
installing libxfont2...
installing xorg-xkbcomp...
installing xorg-setxkbmap...
installing xorg-server-common...
installing libxcvt...
installing libei...
installing libdecor...
Optional dependencies for libdecor
    gtk3: gtk3 support [installed]
installing xorg-xwayland...
installing hyprland...
Optional dependencies for hyprland
    cmake: to build and install plugins using hyprpm
    cpio: to build and install plugins using hyprpm [installed]
    glaze: to build and install plugins using hyprpm
    hyprland-protocols: to build and install plugins using hyprpm
    meson: to build and install plugins using hyprpm
    uwsm: the recommended way to start Hyprland
:: Running post-transaction hooks...
(1/5) Creating system user accounts...
Creating group 'seat' with GID 962.
(2/5) Reloading system manager configuration...
(3/5) Arming ConditionNeedsUpdate...
(4/5) Updating fontconfig cache...
(5/5) Updating the desktop file MIME type cache...
Sync Explicit (1): hypridle-0.1.7-4
resolving dependencies...
looking for conflicting packages...

Package (2)      New Version  Net Change  Download Size

extra/sdbus-cpp  2.1.0-2        0.83 MiB       0.22 MiB
extra/hypridle   0.1.7-4        0.24 MiB       0.10 MiB

Total Download Size:   0.32 MiB
Total Installed Size:  1.08 MiB

:: Proceed with installation? [Y/n] 
:: Retrieving packages...
 sdbus-cpp-2.1.0-2-x86_64 downloading...
 hypridle-0.1.7-4-x86_64 downloading...
checking keyring...
checking package integrity...
loading package files...
checking for file conflicts...
checking available disk space...
:: Processing package changes...
installing sdbus-cpp...
installing hypridle...
:: Running post-transaction hooks...
(1/2) Reloading user manager configuration...
(2/2) Arming ConditionNeedsUpdate...
Sync Explicit (1): hyprlock-0.9.2-3
resolving dependencies...
looking for conflicting packages...

Package (1)     New Version  Net Change  Download Size

extra/hyprlock  0.9.2-3        0.80 MiB       0.29 MiB

Total Download Size:   0.29 MiB
Total Installed Size:  0.80 MiB

:: Proceed with installation? [Y/n] 
:: Retrieving packages...
 hyprlock-0.9.2-3-x86_64 downloading...
checking keyring...
checking package integrity...
loading package files...
checking for file conflicts...
checking available disk space...
:: Processing package changes...
installing hyprlock...
:: Running post-transaction hooks...
(1/1) Arming ConditionNeedsUpdate...
