[34m[INFO](B[m Package aylurs-gtk-shell not installed, skipping.
[34m[INFO](B[m Package dunst not installed, skipping.
[34m[INFO](B[m Package cachyos-hyprland-settings not installed, skipping.
[34m[INFO](B[m Package mako not installed, skipping.
[33m[NOTE](B[m removing rofi ...
checking dependencies...

Package (1)  Old Version  Net Change

rofi         2.0.0-1       -1.07 MiB

Total Removed Size:  1.07 MiB

:: Do you want to remove these packages? [Y/n] 
:: Processing package changes...
removing rofi...
:: Running post-transaction hooks...
(1/3) Arming ConditionNeedsUpdate...
(2/3) Updating icon theme caches...
(3/3) Updating the desktop file MIME type cache...
checking dependencies...

Package (1)  Old Version  Net Change

rofi         2.0.0-1       -1.07 MiB

Total Removed Size:  1.07 MiB

:: Do you want to remove these packages? [Y/n] 
:: Processing package changes...
removing rofi...
:: Running post-transaction hooks...
(1/3) Arming ConditionNeedsUpdate...
(2/3) Updating icon theme caches...
(3/3) Updating the desktop file MIME type cache...
[1A[K[32m[OK](B[m rofi removed.
[33m[NOTE](B[m removing wallust-git ...
checking dependencies...

Package (1)  Old Version           Net Change

wallust-git  3.4.0.r16.g2c0d8f9-1   -7.35 MiB

Total Removed Size:  7.35 MiB

:: Do you want to remove these packages? [Y/n] 
:: Processing package changes...
removing wallust-git...
:: Running post-transaction hooks...
(1/1) Arming ConditionNeedsUpdate...
checking dependencies...

Package (1)  Old Version           Net Change

wallust-git  3.4.0.r16.g2c0d8f9-1   -7.35 MiB

Total Removed Size:  7.35 MiB

:: Do you want to remove these packages? [Y/n] 
:: Processing package changes...
removing wallust-git...
:: Running post-transaction hooks...
(1/1) Arming ConditionNeedsUpdate...
[1A[K[32m[OK](B[m wallust-git removed.
[34m[INFO](B[m Package rofi-lbonn-wayland not installed, skipping.
[34m[INFO](B[m Package rofi-lbonn-wayland-git not installed, skipping.
Sync Explicit (1): rofi-2.0.0-1
resolving dependencies...
looking for conflicting packages...

Package (1)  New Version  Net Change

extra/rofi   2.0.0-1        1.07 MiB

Total Installed Size:  1.07 MiB

:: Proceed with installation? [Y/n] 
checking keyring...
checking package integrity...
loading package files...
checking for file conflicts...
checking available disk space...
:: Processing package changes...
installing rofi...
:: Running post-transaction hooks...
(1/3) Arming ConditionNeedsUpdate...
(2/3) Updating icon theme caches...
(3/3) Updating the desktop file MIME type cache...
Sync Explicit (1): wallust-git-3.4.0.r30.gbb40836-1
resolving dependencies...
looking for conflicting packages...

Package (1)              New Version           Net Change  Download Size

chaotic-aur/wallust-git  3.4.0.r30.gbb40836-1    5.76 MiB       2.23 MiB

Total Download Size:   2.23 MiB
Total Installed Size:  5.76 MiB

:: Proceed with installation? [Y/n] 
:: Retrieving packages...
 wallust-git-3.4.0.r30.gbb40836-1-x86_64 downloading...
checking keyring...
checking package integrity...
loading package files...
checking for file conflicts...
checking available disk space...
:: Processing package changes...
installing wallust-git...
Optional dependencies for wallust-git
    imagemagick [installed]
:: Running post-transaction hooks...
(1/1) Arming ConditionNeedsUpdate...
