Sync Explicit (1): bluez-5.84-1
resolving dependencies...
looking for conflicting packages...

Package (1)  New Version  Net Change  Download Size

extra/bluez  5.84-1         1.46 MiB       0.56 MiB

Total Download Size:   0.56 MiB
Total Installed Size:  1.46 MiB

:: Proceed with installation? [Y/n] 
:: Retrieving packages...
 bluez-5.84-1-x86_64 downloading...
checking keyring...
checking package integrity...
loading package files...
checking for file conflicts...
checking available disk space...
:: Processing package changes...
installing bluez...
:: Running post-transaction hooks...
(1/3) Reloading system manager configuration...
(2/3) Arming ConditionNeedsUpdate...
(3/3) Reloading system bus configuration...
Sync Explicit (1): bluez-utils-5.84-1
resolving dependencies...
looking for conflicting packages...

Package (1)        New Version  Net Change  Download Size

extra/bluez-utils  5.84-1         3.46 MiB       0.98 MiB

Total Download Size:   0.98 MiB
Total Installed Size:  3.46 MiB

:: Proceed with installation? [Y/n] 
:: Retrieving packages...
 bluez-utils-5.84-1-x86_64 downloading...
checking keyring...
checking package integrity...
loading package files...
checking for file conflicts...
checking available disk space...
:: Processing package changes...
installing bluez-utils...
Optional dependencies for bluez-utils
    ell: for btpclient
:: Running post-transaction hooks...
(1/2) Reloading user manager configuration...
(2/2) Arming ConditionNeedsUpdate...
Sync Explicit (1): blueman-2.4.6-1
resolving dependencies...
looking for conflicting packages...

Package (1)    New Version  Net Change  Download Size

extra/blueman  2.4.6-1        6.29 MiB       1.36 MiB

Total Download Size:   1.36 MiB
Total Installed Size:  6.29 MiB

:: Proceed with installation? [Y/n] 
:: Retrieving packages...
 blueman-2.4.6-1-x86_64 downloading...
checking keyring...
checking package integrity...
loading package files...
checking for file conflicts...
checking available disk space...
:: Processing package changes...
installing blueman...
Optional dependencies for blueman
    dnsmasq: Network Access Point (NAP) support [installed]
    iproute2: Network Access Point (NAP) support [installed]
    networkmanager: Dial Up Networking (DUN) and Personal Area Networking (PAN) support [installed]
    pulseaudio-bluetooth: audio devices support
:: Running post-transaction hooks...
(1/7) Reloading system manager configuration...
(2/7) Reloading user manager configuration...
(3/7) Arming ConditionNeedsUpdate...
(4/7) Reloading system bus configuration...
(5/7) Compiling GSettings XML schema files...
(6/7) Updating icon theme caches...
(7/7) Updating the desktop file MIME type cache...
Created symlink '/etc/systemd/system/dbus-org.bluez.service' → '/usr/lib/systemd/system/bluetooth.service'.
Created symlink '/etc/systemd/system/bluetooth.target.wants/bluetooth.service' → '/usr/lib/systemd/system/bluetooth.service'.
