Sync Explicit (1): adobe-source-code-pro-fonts-2.042u+1.062i+1.026vf-2
resolving dependencies...
looking for conflicting packages...

Package (1)                        New Version              Net Change  Download Size

extra/adobe-source-code-pro-fonts  2.042u+1.062i+1.026vf-2    1.86 MiB       0.91 MiB

Total Download Size:   0.91 MiB
Total Installed Size:  1.86 MiB

:: Proceed with installation? [Y/n] 
:: Retrieving packages...
 adobe-source-code-pro-fonts-2.042u+1.062i+1.026vf-2-any downloading...
checking keyring...
checking package integrity...
loading package files...
checking for file conflicts...
checking available disk space...
:: Processing package changes...
installing adobe-source-code-pro-fonts...
:: Running post-transaction hooks...
(1/2) Arming ConditionNeedsUpdate...
(2/2) Updating fontconfig cache...
Sync Explicit (1): noto-fonts-emoji-1:2.051-1
resolving dependencies...
looking for conflicting packages...

Package (1)             New Version  Net Change  Download Size

extra/noto-fonts-emoji  1:2.051-1     10.18 MiB       9.18 MiB

Total Download Size:    9.18 MiB
Total Installed Size:  10.18 MiB

:: Proceed with installation? [Y/n] 
:: Retrieving packages...
 noto-fonts-emoji-1:2.051-1-any downloading...
checking keyring...
checking package integrity...
loading package files...
checking for file conflicts...
checking available disk space...
:: Processing package changes...
installing noto-fonts-emoji...
:: Running post-transaction hooks...
(1/2) Arming ConditionNeedsUpdate...
(2/2) Updating fontconfig cache...
Sync Explicit (1): otf-font-awesome-7.1.0-1
resolving dependencies...
looking for conflicting packages...

Package (1)             New Version  Net Change  Download Size

extra/otf-font-awesome  7.1.0-1        0.67 MiB       0.29 MiB

Total Download Size:   0.29 MiB
Total Installed Size:  0.67 MiB

:: Proceed with installation? [Y/n] 
:: Retrieving packages...
 otf-font-awesome-7.1.0-1-any downloading...
checking keyring...
checking package integrity...
loading package files...
checking for file conflicts...
checking available disk space...
:: Processing package changes...
installing otf-font-awesome...
:: Running post-transaction hooks...
(1/2) Arming ConditionNeedsUpdate...
(2/2) Updating fontconfig cache...
Sync Explicit (1): ttf-droid-20121017-11
resolving dependencies...
looking for conflicting packages...

Package (1)      New Version  Net Change  Download Size

extra/ttf-droid  20121017-11   15.31 MiB       3.93 MiB

Total Download Size:    3.93 MiB
Total Installed Size:  15.31 MiB

:: Proceed with installation? [Y/n] 
:: Retrieving packages...
 ttf-droid-20121017-11-any downloading...
checking keyring...
checking package integrity...
loading package files...
checking for file conflicts...
checking available disk space...
:: Processing package changes...
installing ttf-droid...
:: Running post-transaction hooks...
(1/3) Arming ConditionNeedsUpdate...
(2/3) Updating fontconfig configuration...
(3/3) Updating fontconfig cache...
Sync Explicit (1): ttf-fira-code-6.2-2
resolving dependencies...
looking for conflicting packages...

Package (1)          New Version  Net Change  Download Size

extra/ttf-fira-code  6.2-2          1.69 MiB       0.41 MiB

Total Download Size:   0.41 MiB
Total Installed Size:  1.69 MiB

:: Proceed with installation? [Y/n] 
:: Retrieving packages...
 ttf-fira-code-6.2-2-any downloading...
checking keyring...
checking package integrity...
loading package files...
checking for file conflicts...
checking available disk space...
:: Processing package changes...
installing ttf-fira-code...
:: Running post-transaction hooks...
(1/2) Arming ConditionNeedsUpdate...
(2/2) Updating fontconfig cache...
Sync Explicit (1): ttf-fantasque-nerd-3.4.0-1
resolving dependencies...
looking for conflicting packages...

Package (1)               New Version  Net Change  Download Size

extra/ttf-fantasque-nerd  3.4.0-1       29.01 MiB       2.68 MiB

Total Download Size:    2.68 MiB
Total Installed Size:  29.01 MiB

:: Proceed with installation? [Y/n] 
:: Retrieving packages...
 ttf-fantasque-nerd-3.4.0-1-any downloading...
checking keyring...
checking package integrity...
loading package files...
checking for file conflicts...
checking available disk space...
:: Processing package changes...
installing ttf-fantasque-nerd...
:: Running post-transaction hooks...
(1/2) Arming ConditionNeedsUpdate...
(2/2) Updating fontconfig cache...
Sync Explicit (1): ttf-jetbrains-mono-2.304-2
resolving dependencies...
looking for conflicting packages...

Package (1)               New Version  Net Change  Download Size

extra/ttf-jetbrains-mono  2.304-2        7.44 MiB       0.80 MiB

Total Download Size:   0.80 MiB
Total Installed Size:  7.44 MiB

:: Proceed with installation? [Y/n] 
:: Retrieving packages...
 ttf-jetbrains-mono-2.304-2-any downloading...
checking keyring...
checking package integrity...
loading package files...
checking for file conflicts...
checking available disk space...
:: Processing package changes...
installing ttf-jetbrains-mono...
:: Running post-transaction hooks...
(1/2) Arming ConditionNeedsUpdate...
(2/2) Updating fontconfig cache...
Sync Explicit (1): ttf-jetbrains-mono-nerd-3.4.0-1
resolving dependencies...
looking for conflicting packages...

Package (1)                    New Version  Net Change  Download Size

extra/ttf-jetbrains-mono-nerd  3.4.0-1      222.51 MiB      10.48 MiB

Total Download Size:    10.48 MiB
Total Installed Size:  222.51 MiB

:: Proceed with installation? [Y/n] 
:: Retrieving packages...
 ttf-jetbrains-mono-nerd-3.4.0-1-any downloading...
checking keyring...
checking package integrity...
loading package files...
checking for file conflicts...
checking available disk space...
:: Processing package changes...
installing ttf-jetbrains-mono-nerd...
:: Running post-transaction hooks...
(1/2) Arming ConditionNeedsUpdate...
(2/2) Updating fontconfig cache...
AUR Explicit (1): ttf-victor-mono-1.5.6-1
:: [1m(0/1) Failed to download PKGBUILD: ttf-victor-mono[0m
 -> error fetching ttf-victor-mono: Cloning into 'ttf-victor-mono'...
fatal: unable to access 'https://aur.archlinux.org/ttf-victor-mono.git/': TLS connect error: error:0A000126:SSL routines::unexpected eof while reading 
	 context: exit status 128

Sync Explicit (1): noto-fonts-1:2025.10.01-1
resolving dependencies...
looking for conflicting packages...

Package (1)       New Version     Net Change  Download Size

extra/noto-fonts  1:2025.10.01-1  106.66 MiB      27.16 MiB

Total Download Size:    27.16 MiB
Total Installed Size:  106.66 MiB

:: Proceed with installation? [Y/n] 
:: Retrieving packages...
 noto-fonts-1:2025.10.01-1-any downloading...
checking keyring...
checking package integrity...
loading package files...
checking for file conflicts...
checking available disk space...
:: Processing package changes...
installing noto-fonts...
Optional dependencies for noto-fonts
    noto-fonts-cjk: CJK characters
    noto-fonts-emoji: Emoji characters [installed]
    noto-fonts-extra: additional variants (condensed, semi-bold, extra-light)
:: Running post-transaction hooks...
(1/3) Arming ConditionNeedsUpdate...
(2/3) Updating fontconfig configuration...
(3/3) Updating fontconfig cache...
