Failed to disable unit: Unit pulseaudio.socket does not exist
Sync Explicit (1): wireplumber-0.5.12-1
resolving dependencies...
looking for conflicting packages...

Package (1)        New Version  Net Change  Download Size

extra/wireplumber  0.5.12-1       1.09 MiB       0.26 MiB

Total Download Size:   0.26 MiB
Total Installed Size:  1.09 MiB

:: Proceed with installation? [Y/n] 
:: Retrieving packages...
 wireplumber-0.5.12-1-x86_64 downloading...
checking keyring...
checking package integrity...
loading package files...
checking for file conflicts...
checking available disk space...
:: Processing package changes...
installing wireplumber...
Created symlink '/etc/systemd/user/pipewire-session-manager.service' → '/usr/lib/systemd/user/wireplumber.service'.
Created symlink '/etc/systemd/user/pipewire.service.wants/wireplumber.service' → '/usr/lib/systemd/user/wireplumber.service'.
Optional dependencies for wireplumber
    wireplumber-docs: Documentation
:: Running post-transaction hooks...
(1/2) Reloading user manager configuration...
(2/2) Arming ConditionNeedsUpdate...
Sync Explicit (1): pipewire-audio-1:1.4.9-1
resolving dependencies...
looking for conflicting packages...

Package (16)                     New Version  Net Change  Download Size

extra/alsa-card-profiles         1:1.4.9-1      0.19 MiB       0.03 MiB
extra/libebur128                 1.2.6-2        0.05 MiB       0.02 MiB
extra/libfdk-aac                 2.0.3-1        1.44 MiB       0.68 MiB
extra/libfreeaptx                0.2.2-1        0.06 MiB       0.02 MiB
extra/liblc3                     1.1.3-1        0.27 MiB       0.11 MiB
extra/libldac                    2.0.2.3-2      0.09 MiB       0.03 MiB
extra/libmysofa                  1.3.3-1        1.26 MiB       1.11 MiB
extra/lilv                       0.24.26-1      0.26 MiB       0.07 MiB
extra/lv2                        1.18.10-2      0.98 MiB       0.15 MiB
extra/sbc                        2.1-1          0.21 MiB       0.05 MiB
extra/serd                       0.32.4-1       0.16 MiB       0.06 MiB
extra/sord                       0.16.18-1      0.11 MiB       0.03 MiB
extra/sratom                     0.6.18-1       0.05 MiB       0.02 MiB
extra/webrtc-audio-processing-1  1.3-5          1.46 MiB       0.52 MiB
extra/zix                        0.6.2-1        0.12 MiB       0.04 MiB
extra/pipewire-audio             1:1.4.9-1      5.91 MiB       1.55 MiB

Total Download Size:    4.50 MiB
Total Installed Size:  12.60 MiB

:: Proceed with installation? [Y/n] 
:: Retrieving packages...
 pipewire-audio-1:1.4.9-1-x86_64 downloading...
 libmysofa-1.3.3-1-x86_64 downloading...
 libfdk-aac-2.0.3-1-x86_64 downloading...
 webrtc-audio-processing-1-1.3-5-x86_64 downloading...
 lv2-1.18.10-2-x86_64 downloading...
 liblc3-1.1.3-1-x86_64 downloading...
 lilv-0.24.26-1-x86_64 downloading...
 serd-0.32.4-1-x86_64 downloading...
 sbc-2.1-1-x86_64 downloading...
 zix-0.6.2-1-x86_64 downloading...
 sord-0.16.18-1-x86_64 downloading...
 libldac-2.0.2.3-2-x86_64 downloading...
 alsa-card-profiles-1:1.4.9-1-x86_64 downloading...
 sratom-0.6.18-1-x86_64 downloading...
 libfreeaptx-0.2.2-1-x86_64 downloading...
 libebur128-1.2.6-2-x86_64 downloading...
checking keyring...
checking package integrity...
loading package files...
checking for file conflicts...
checking available disk space...
:: Processing package changes...
installing alsa-card-profiles...
installing libebur128...
installing libfdk-aac...
installing libfreeaptx...
installing liblc3...
Optional dependencies for liblc3
    python: Python bindings [installed]
installing libldac...
installing libmysofa...
installing serd...
Optional dependencies for serd
    serd-docs: for developer documentation
installing zix...
Optional dependencies for zix
    zix-docs: for developer documentation
installing sord...
Optional dependencies for sord
    sord-docs: for developer documentation
installing lv2...
Optional dependencies for lv2
    lv2-docs: for developer documentation
    lv2-example-plugins: for example plugins
    python-lxml: for lv2specgen.py [installed]
    python-markdown: for lv2specgen.py [installed]
    python-pygments: for lv2specgen.py
    python-rdflib: for lv2specgen.py
    sord: for lv2_validate [installed]
installing sratom...
Optional dependencies for sratom
    sratom-docs: for developer documentation
installing lilv...
Optional dependencies for lilv
    libsndfile: for lv2apply [installed]
    lilv-docs: for documentation
    python-lilv: for Python bindings
installing sbc...
installing webrtc-audio-processing-1...
installing pipewire-audio...
:: Running post-transaction hooks...
(1/3) Reloading user manager configuration...
(2/3) Reloading device manager configuration...
(3/3) Arming ConditionNeedsUpdate...
Sync Explicit (1): pipewire-alsa-1:1.4.9-1
resolving dependencies...
looking for conflicting packages...

Package (1)          New Version  Net Change  Download Size

extra/pipewire-alsa  1:1.4.9-1      0.00 MiB       0.00 MiB

Total Download Size:   0.00 MiB
Total Installed Size:  0.00 MiB

:: Proceed with installation? [Y/n] 
:: Retrieving packages...
 pipewire-alsa-1:1.4.9-1-x86_64 downloading...
checking keyring...
checking package integrity...
loading package files...
checking for file conflicts...
checking available disk space...
:: Processing package changes...
installing pipewire-alsa...
:: Running post-transaction hooks...
(1/1) Arming ConditionNeedsUpdate...
Sync Explicit (1): pipewire-pulse-1:1.4.9-1
resolving dependencies...
looking for conflicting packages...

Package (1)           New Version  Net Change  Download Size

extra/pipewire-pulse  1:1.4.9-1      0.50 MiB       0.20 MiB

Total Download Size:   0.20 MiB
Total Installed Size:  0.50 MiB

:: Proceed with installation? [Y/n] 
:: Retrieving packages...
 pipewire-pulse-1:1.4.9-1-x86_64 downloading...
checking keyring...
checking package integrity...
loading package files...
checking for file conflicts...
checking available disk space...
:: Processing package changes...
installing pipewire-pulse...
Created symlink '/etc/systemd/user/sockets.target.wants/pipewire-pulse.socket' → '/usr/lib/systemd/user/pipewire-pulse.socket'.
:: Running post-transaction hooks...
(1/3) Reloading user manager configuration...
(2/3) Arming ConditionNeedsUpdate...
(3/3) Compiling GSettings XML schema files...
Sync Explicit (1): sof-firmware-2025.05.1-1
resolving dependencies...
looking for conflicting packages...

Package (1)         New Version  Net Change  Download Size

extra/sof-firmware  2025.05.1-1   37.79 MiB       1.57 MiB

Total Download Size:    1.57 MiB
Total Installed Size:  37.79 MiB

:: Proceed with installation? [Y/n] 
:: Retrieving packages...
 sof-firmware-2025.05.1-1-x86_64 downloading...
checking keyring...
checking package integrity...
loading package files...
checking for file conflicts...
checking available disk space...
:: Processing package changes...
installing sof-firmware...
:: Running post-transaction hooks...
(1/2) Arming ConditionNeedsUpdate...
(2/2) Updating linux initcpios...
==> Building image from preset: /etc/mkinitcpio.d/linux-lts.preset: 'default'
==> Using default configuration file: '/etc/mkinitcpio.conf'
  -> -k /boot/vmlinuz-linux-lts -g /boot/initramfs-linux-lts.img
==> Starting build: '6.12.53-1-lts'
  -> Running build hook: [base]
  -> Running build hook: [udev]
  -> Running build hook: [autodetect]
  -> Running build hook: [microcode]
  -> Running build hook: [modconf]
  -> Running build hook: [kms]
  -> Running build hook: [keyboard]
  -> Running build hook: [keymap]
  -> Running build hook: [consolefont]
==> WARNING: consolefont: no font found in configuration
  -> Running build hook: [block]
  -> Running build hook: [filesystems]
  -> Running build hook: [fsck]
==> Generating module dependencies
==> Creating zstd-compressed initcpio image: '/boot/initramfs-linux-lts.img'
  -> Early uncompressed CPIO image generation successful
==> Initcpio image generation successful
==> Building image from preset: /etc/mkinitcpio.d/linux-lts.preset: 'fallback'
==> Using default configuration file: '/etc/mkinitcpio.conf'
  -> -k /boot/vmlinuz-linux-lts -g /boot/initramfs-linux-lts-fallback.img -S autodetect
==> Starting build: '6.12.53-1-lts'
  -> Running build hook: [base]
  -> Running build hook: [udev]
  -> Running build hook: [microcode]
  -> Running build hook: [modconf]
  -> Running build hook: [kms]
==> WARNING: Possibly missing firmware for module: 'ast'
  -> Running build hook: [keyboard]
==> WARNING: Possibly missing firmware for module: 'xhci_pci_renesas'
  -> Running build hook: [keymap]
  -> Running build hook: [consolefont]
==> WARNING: consolefont: no font found in configuration
  -> Running build hook: [block]
==> WARNING: Possibly missing firmware for module: 'bfa'
==> WARNING: Possibly missing firmware for module: 'aic94xx'
==> WARNING: Possibly missing firmware for module: 'qla1280'
==> WARNING: Possibly missing firmware for module: 'qla2xxx'
==> WARNING: Possibly missing firmware for module: 'qed'
==> WARNING: Possibly missing firmware for module: 'wd719x'
  -> Running build hook: [filesystems]
  -> Running build hook: [fsck]
==> Generating module dependencies
==> Creating zstd-compressed initcpio image: '/boot/initramfs-linux-lts-fallback.img'
  -> Early uncompressed CPIO image generation successful
==> Initcpio image generation successful
Created symlink '/home/nosl/.config/systemd/user/sockets.target.wants/pipewire.socket' → '/usr/lib/systemd/user/pipewire.socket'.
Created symlink '/home/nosl/.config/systemd/user/sockets.target.wants/pipewire-pulse.socket' → '/usr/lib/systemd/user/pipewire-pulse.socket'.
Created symlink '/home/nosl/.config/systemd/user/pipewire-session-manager.service' → '/usr/lib/systemd/user/wireplumber.service'.
Created symlink '/home/nosl/.config/systemd/user/pipewire.service.wants/wireplumber.service' → '/usr/lib/systemd/user/wireplumber.service'.
Created symlink '/home/nosl/.config/systemd/user/default.target.wants/pipewire.service' → '/usr/lib/systemd/user/pipewire.service'.

[32m[OK][m Pipewire Installation and services setup complete!
